Looking to launch executable "/bwa-mem2-2.2.1_x64-linux/bwa-mem2.avx512bw", simd = .avx512bw
Launching executable "/bwa-mem2-2.2.1_x64-linux/bwa-mem2.avx512bw"
-----------------------------
Executing in AVX512 mode!!
-----------------------------
* SA compression enabled with xfactor: 8
* Ref file: /data/personalized_medicine/ref/GRCh38.d1.vd1.fa
* Entering FMI_search
* Index file found. Loading index from /data/personalized_medicine/ref/GRCh38.d1.vd1.fa.bwt.2bit.64
* Reference seq len for bi-index = 6215153043
* sentinel-index: 2643777917
* Count:
0,	1
1,	1822191976
2,	3107576522
3,	4392961068
4,	6215153043

* Reading other elements of the index from files /data/personalized_medicine/ref/GRCh38.d1.vd1.fa
* Index prefix: /data/personalized_medicine/ref/GRCh38.d1.vd1.fa
* Read 0 ALT contigs
* Done reading Index!!
* Reading reference genome..
* Binary seq file = /data/personalized_medicine/ref/GRCh38.d1.vd1.fa.0123
* Reference genome size: 6215153042 bp
* Done reading reference genome !!

------------------------------------------
1. Memory pre-allocation for Chaining: 557.3706 MB
2. Memory pre-allocation for BSW: 958.4681 MB
3. Memory pre-allocation for BWT: 309.2567 MB
------------------------------------------
* Threads used (compute): 4
* No. of pipeline threads: 2

[0000] read_chunk: 40000000, work_chunk_size: 755000, nseq: 5000
	[0000][ M::kt_pipeline] read 5000 sequences (755000 bp)...
[0000] Calling mem_process_seqs.., task: 0
[0000] 1. Calling kt_for - worker_bwt
[0000] read_chunk: 40000000, work_chunk_size: 0, nseq: 0
[0000] 2. Calling kt_for - worker_aln
[0000] Inferring insert size distribution of PE reads from data, l_pac: 3107576521, n: 5000
[0000][PE] # candidate unique pairs for (FF, FR, RF, RR): (0, 1889, 0, 0)
[0000][PE] skip orientation FF as there are not enough pairs
[0000][PE] analyzing insert size distribution for orientation FR...
[0000][PE] (25, 50, 75) percentile: (341, 392, 458)
[0000][PE] low and high boundaries for computing mean and std.dev: (107, 692)
[0000][PE] mean and std.dev: (398.34, 86.61)
[0000][PE] low and high boundaries for proper pairs: (1, 809)
[0000][PE] skip orientation RF as there are not enough pairs
[0000][PE] skip orientation RR as there are not enough pairs
[0000] 3. Calling kt_for - worker_sam
	[0000][ M::mem_process_seqs] Processed 5000 reads in 2.241 CPU sec, 0.673 real sec
[0000] read_chunk: 40000000, work_chunk_size: 0, nseq: 0
[0000] Computation ends..
No. of OMP threads: 4
Processor is running @2095.041460 MHz
Runtime profile:

	Time taken for main_mem function: 11.63 sec

	IO times (sec) :
	Reading IO time (reads) avg: 0.02, (0.02, 0.02)
	Writing IO time (SAM) avg: 0.01, (0.01, 0.01)
	Reading IO time (Reference Genome) avg: 4.42, (4.42, 4.42)
	Index read time avg: 6.08, (6.08, 6.08)

	Overall time (sec) (Excluding Index reading time):
	PROCESS() (Total compute time + (read + SAM) IO time) : 0.71
	MEM_PROCESS_SEQ() (Total compute time (Kernel + SAM)), avg: 0.67, (0.67, 0.67)

	 SAM Processing time (sec):
	--WORKER_SAM avg: 0.20, (0.20, 0.20)

	Kernels' compute time (sec):
	Total kernel (smem+sal+bsw) time avg: 0.47, (0.47, 0.47)
		SMEM compute avg: 0.11, (0.13, 0.09)
		SAL compute avg: 0.05, (0.06, 0.04)
				MEM_SA avg: 0.02, (0.03, 0.02)

		BSW time, avg: 0.21, (0.25, 0.18)

Important parameter settings: 
	BATCH_SIZE: 512
	MAX_SEQ_LEN_REF: 256
	MAX_SEQ_LEN_QER: 128
	MAX_SEQ_LEN8: 128
	SEEDS_PER_READ: 500
	SIMD_WIDTH8 X: 64
	SIMD_WIDTH16 X: 32
	AVG_SEEDS_PER_READ: 64
